<?xml version="1.0" encoding="UTF-8"?>
<testsuite name="A new user account can be created if a proper unused username and password are given" tests="3" skipped="0" failures="0" errors="0" timestamp="2020-11-10T19:09:19" hostname="lx8-fuxi087" time="0.255">
  <properties/>
  <testcase name="creation is successful with valid username and password" classname="A new user account can be created if a proper unused username and password are given" time="0.093"/>
  <testcase name="creation fails with too short username and valid password" classname="A new user account can be created if a proper unused username and password are given" time="0.078"/>
  <testcase name="creation fails with correct username and too short password" classname="A new user account can be created if a proper unused username and password are given" time="0.083"/>
  <system-out><![CDATA[
Scenario: creation is successful with valid username and password                                       ?[90m# src/test/resources/ohtu/signup.feature:3?[0m
  ?[32mGiven ?[0m?[32mcommand new user is selected?[0m                                                                    ?[90m# ohtu.Stepdefs.signUpIsSelected()?[0m
  ?[32mWhen ?[0m?[32ma valid username ?[0m?[32m?[1m"liisa"?[0m?[32m and password ?[0m?[32m?[1m"salainen1"?[0m?[32m and matching password confirmation are entered?[0m ?[90m# ohtu.Stepdefs.validUsernameAndPasswordAreGiven(java.lang.String,java.lang.String)?[0m
  ?[32mThen ?[0m?[32ma new user is created?[0m                                                                            ?[90m# ohtu.Stepdefs.aNewUserIsCreated()?[0m

Scenario: creation fails with too short username and valid password                                      ?[90m# src/test/resources/ohtu/signup.feature:8?[0m
  ?[32mGiven ?[0m?[32mcommand new user is selected?[0m                                                                     ?[90m# ohtu.Stepdefs.signUpIsSelected()?[0m
  ?[32mWhen ?[0m?[32ma too short username ?[0m?[32m?[1m"lo"?[0m?[32m and password ?[0m?[32m?[1m"salainen1"?[0m?[32m and matching password confirmation are entered?[0m ?[90m# ohtu.Stepdefs.tooShortUsernameAndPasswordAreGiven(java.lang.String,java.lang.String)?[0m
  ?[32mThen ?[0m?[32muser is not created and error ?[0m?[32m?[1m"username should have at least 3 characters"?[0m?[32m is reported?[0m            ?[90m# ohtu.Stepdefs.userIsNotCreatedAndErrorMessageIsGiven(java.lang.String)?[0m

Scenario: creation fails with correct username and too short password                                          ?[90m# src/test/resources/ohtu/signup.feature:13?[0m
  ?[32mGiven ?[0m?[32mcommand new user is selected?[0m                                                                           ?[90m# ohtu.Stepdefs.signUpIsSelected()?[0m
  ?[32mWhen ?[0m?[32ma correct username ?[0m?[32m?[1m"liisa"?[0m?[32m and too short password ?[0m?[32m?[1m"moi1"?[0m?[32m and matching password confirmation are entered?[0m ?[90m# ohtu.Stepdefs.correctUsernameAndTooShortPasswordAreGiven(java.lang.String,java.lang.String)?[0m
  ?[32mThen ?[0m?[32muser is not created and error ?[0m?[32m?[1m"password should have at least 8 characters"?[0m?[32m is reported?[0m                  ?[90m# ohtu.Stepdefs.userIsNotCreatedAndErrorMessageIsGiven(java.lang.String)?[0m
]]></system-out>
  <system-err><![CDATA[]]></system-err>
</testsuite>
