<?xml version="1.0" encoding="UTF-8"?>
<testsuite name="ohtu.verkkokauppa.KauppaTest" tests="8" skipped="0" failures="0" errors="0" timestamp="2020-11-19T16:49:56" hostname="lx8-fuxi087" time="0.945">
  <properties/>
  <testcase name="aloitaAsiointiNollaaEdellisenOstoksen" classname="ohtu.verkkokauppa.KauppaTest" time="0.922"/>
  <testcase name="ostoksenPaaytyttyaPankinMetodiaTilisiirtoKutsutaanOikeillaParametreilla" classname="ohtu.verkkokauppa.KauppaTest" time="0.004"/>
  <testcase name="poistaKoristaPalauttaaTuotteenVarastoon" classname="ohtu.verkkokauppa.KauppaTest" time="0.004"/>
  <testcase name="ostoksenPaaytyttyaPankinMetodiaTilisiirtoKutsutaan" classname="ohtu.verkkokauppa.KauppaTest" time="0.003"/>
  <testcase name="yksiTuoteLoppuVeloitetaanOikein" classname="ohtu.verkkokauppa.KauppaTest" time="0.003"/>
  <testcase name="kaksiSamaaTuotettaVeloitetaanOikein" classname="ohtu.verkkokauppa.KauppaTest" time="0.002"/>
  <testcase name="uusiViitenumeroUuudelleOstokselle" classname="ohtu.verkkokauppa.KauppaTest" time="0.003"/>
  <testcase name="kaksiEriTuotettaVeloitetaanOikein" classname="ohtu.verkkokauppa.KauppaTest" time="0.002"/>
  <system-out><![CDATA[]]></system-out>
  <system-err><![CDATA[]]></system-err>
</testsuite>
